<?xml version="1.0" encoding="UTF-8"?>
<!-- Generated by org.testng.reporters.JUnitXMLReporter -->
<testsuite ignored="16" hostname="PRASENJITSWIN10" failures="1" tests="1" name="Myar Regression Test" time="102.798" errors="0" timestamp="2024-07-09T17:19:30 IST">
  <testcase classname="myar.testcases.MyarRegression" name="verifyLoginFunctionalityWithValidCredentials" time="87.401">
    <failure type="org.openqa.selenium.TimeoutException" message="Expected condition failed: waiting for visibility of Proxy element for: DefaultElementLocator &amp;apos;By.xpath: (//input[@name=&amp;apos;select&amp;apos;])[3]&amp;apos; (tried for 60 second(s) with 500 milliseconds interval)">
      <![CDATA[org.openqa.selenium.TimeoutException: Expected condition failed: waiting for visibility of Proxy element for: DefaultElementLocator 'By.xpath: (//input[@name='select'])[3]' (tried for 60 second(s) with 500 milliseconds interval)
at org.openqa.selenium.support.ui.WebDriverWait.timeoutException(WebDriverWait.java:87)
at org.openqa.selenium.support.ui.FluentWait.until(FluentWait.java:231)
at com.qa.util.TestUtil.waitForElementToLoad(TestUtil.java:302)
at com.qa.util.TestUtil.clickElement(TestUtil.java:411)
at myar.pages.MyarLoginPage.clickOnLanguageDropDown(MyarLoginPage.java:142)
at myar.pages.MyarLoginPage.login(MyarLoginPage.java:106)
at myar.testcases.MyarRegression.verifyLoginFunctionalityWithValidCredentials(MyarRegression.java:234)
at java.base/java.util.ArrayList.forEach(ArrayList.java:1511)
Caused by: org.openqa.selenium.NoSuchElementException: Unable to locate element: (//input[@name='select'])[3]
For documentation on this error, please visit: https://selenium.dev/exceptions/#no_such_element
Build info: version: '4.7.2', revision: '4d4020c3b7'
System info: os.name: 'Windows 10', os.arch: 'amd64', os.version: '10.0', java.version: '17.0.7'
Driver info: org.openqa.selenium.firefox.FirefoxDriver
Command: [2bbb3e5c-9dee-4112-927a-636d79955051, findElement {using=xpath, value=(//input[@name='select'])[3]}]
Capabilities {acceptInsecureCerts: true, browserName: firefox, browserVersion: 127.0.2, moz:accessibilityChecks: false, moz:buildID: 20240624183754, moz:debuggerAddress: 127.0.0.1:31517, moz:geckodriverVersion: 0.31.0, moz:headless: false, moz:platformVersion: 10.0, moz:processID: 7692, moz:profile: C:\Users\PRASEN~1\AppData\L..., moz:shutdownTimeout: 60000, moz:webdriverClick: true, moz:windowless: false, pageLoadStrategy: normal, platformName: WINDOWS, proxy: Proxy(), se:cdp: ws://127.0.0.1:31517/devtoo..., se:cdpVersion: 85.0, setWindowRect: true, strictFileInteractability: false, timeouts: {implicit: 0, pageLoad: 300000, script: 30000}, unhandledPromptBehavior: dismiss and notify, userAgent: Mozilla/5.0 (Windows NT 10....}
Session ID: 2bbb3e5c-9dee-4112-927a-636d79955051
at org.openqa.selenium.remote.codec.w3c.W3CHttpResponseCodec.createException(W3CHttpResponseCodec.java:200)
at org.openqa.selenium.remote.codec.w3c.W3CHttpResponseCodec.decode(W3CHttpResponseCodec.java:133)
at org.openqa.selenium.remote.codec.w3c.W3CHttpResponseCodec.decode(W3CHttpResponseCodec.java:53)
at org.openqa.selenium.remote.HttpCommandExecutor.execute(HttpCommandExecutor.java:184)
at org.openqa.selenium.remote.service.DriverCommandExecutor.invokeExecute(DriverCommandExecutor.java:167)
at org.openqa.selenium.remote.service.DriverCommandExecutor.execute(DriverCommandExecutor.java:142)
at org.openqa.selenium.remote.RemoteWebDriver.execute(RemoteWebDriver.java:535)
at org.openqa.selenium.remote.ElementLocation$ElementFinder$2.findElement(ElementLocation.java:162)
at org.openqa.selenium.remote.ElementLocation.findElement(ElementLocation.java:60)
at org.openqa.selenium.remote.RemoteWebDriver.findElement(RemoteWebDriver.java:351)
at org.openqa.selenium.remote.RemoteWebDriver.findElement(RemoteWebDriver.java:343)
at org.openqa.selenium.support.events.EventFiringWebDriver.lambda$new$1(EventFiringWebDriver.java:106)
at jdk.proxy2/jdk.proxy2.$Proxy20.findElement(Unknown Source)
at org.openqa.selenium.support.events.EventFiringWebDriver.findElement(EventFiringWebDriver.java:195)
at org.openqa.selenium.support.pagefactory.DefaultElementLocator.findElement(DefaultElementLocator.java:70)
at org.openqa.selenium.support.pagefactory.internal.LocatingElementHandler.invoke(LocatingElementHandler.java:39)
at jdk.proxy2/jdk.proxy2.$Proxy24.isDisplayed(Unknown Source)
at org.openqa.selenium.support.ui.ExpectedConditions.elementIfVisible(ExpectedConditions.java:307)
at org.openqa.selenium.support.ui.ExpectedConditions.access$000(ExpectedConditions.java:40)
at org.openqa.selenium.support.ui.ExpectedConditions$10.apply(ExpectedConditions.java:293)
at org.openqa.selenium.support.ui.ExpectedConditions$10.apply(ExpectedConditions.java:290)
at org.openqa.selenium.support.ui.FluentWait.until(FluentWait.java:208)
... 33 more
... Removed 36 stack frames]]>
    </failure>
  </testcase> <!-- verifyLoginFunctionalityWithValidCredentials -->
  <testcase classname="myar.testcases.MyarRegression" name="verifyAddingNewSubgroupAdminUserFunctionality" time="0.0">
    <ignored/>
  </testcase> <!-- verifyAddingNewSubgroupAdminUserFunctionality -->
  <testcase classname="myar.testcases.MyarRegression" name="verifyStandardProductCreationUsingProductNameThroughExcelImport" time="0.0">
    <ignored/>
  </testcase> <!-- verifyStandardProductCreationUsingProductNameThroughExcelImport -->
  <testcase classname="myar.testcases.MyarRegression" name="verifyResetPasswordFunctionality" time="0.0">
    <ignored/>
  </testcase> <!-- verifyResetPasswordFunctionality -->
  <testcase classname="myar.testcases.MyarRegression" name="verifyScenesMappingWithScenesInExcel" time="0.0">
    <ignored/>
  </testcase> <!-- verifyScenesMappingWithScenesInExcel -->
  <testcase classname="myar.testcases.MyarRegression" name="verifyBilledTargetsForTrustedPartnersDisplayed" time="0.0">
    <ignored/>
  </testcase> <!-- verifyBilledTargetsForTrustedPartnersDisplayed -->
  <testcase classname="myar.testcases.MyarRegression" name="verifyAddRenameDeleteFolderActionsOfProductSection" time="0.0">
    <ignored/>
  </testcase> <!-- verifyAddRenameDeleteFolderActionsOfProductSection -->
  <testcase classname="myar.testcases.MyarRegression" name="verifyChangingRGB_ValuesChangesBackgroundColorOfEditor" time="0.0">
    <ignored/>
  </testcase> <!-- verifyChangingRGB_ValuesChangesBackgroundColorOfEditor -->
  <testcase classname="myar.testcases.MyarRegression" name="verifyAddRenameDeleteFolderActionsOfMediaSection" time="0.0">
    <ignored/>
  </testcase> <!-- verifyAddRenameDeleteFolderActionsOfMediaSection -->
  <testcase classname="myar.testcases.MyarRegression" name="verifyAddingNewUserAdminUserFunctionality" time="0.0">
    <ignored/>
  </testcase> <!-- verifyAddingNewUserAdminUserFunctionality -->
  <testcase classname="myar.testcases.MyarRegression" name="verifyChangingHSL_ValuesChangesBackgroundColorOfEditor" time="0.0">
    <ignored/>
  </testcase> <!-- verifyChangingHSL_ValuesChangesBackgroundColorOfEditor -->
  <testcase classname="myar.testcases.MyarRegression" name="verifyGeoMappingsNotVisibleInCHOOSE_MAPPING_SectionImportingStandardProduct" time="0.0">
    <ignored/>
  </testcase> <!-- verifyGeoMappingsNotVisibleInCHOOSE_MAPPING_SectionImportingStandardProduct -->
  <testcase classname="myar.testcases.MyarRegression" name="verifyManageAPI_KeyFunctionality" time="0.0">
    <ignored/>
  </testcase> <!-- verifyManageAPI_KeyFunctionality -->
  <testcase classname="myar.testcases.MyarRegression" name="verifyOnExcelImportClickingProductIdAtImportStatusOpensImportedProductInEditor" time="0.0">
    <ignored/>
  </testcase> <!-- verifyOnExcelImportClickingProductIdAtImportStatusOpensImportedProductInEditor -->
  <testcase classname="myar.testcases.MyarRegression" name="verifyValidationFailureCreatingStandardProductWhenGeoProductOfSameNameExists" time="0.0">
    <ignored/>
  </testcase> <!-- verifyValidationFailureCreatingStandardProductWhenGeoProductOfSameNameExists -->
  <testcase classname="myar.testcases.MyarRegression" name="verify_different_URL_Ar_Actions_can_be_assigned_in_differnt_languages" time="0.0">
    <ignored/>
  </testcase> <!-- verify_different_URL_Ar_Actions_can_be_assigned_in_differnt_languages -->
  <testcase classname="myar.testcases.MyarRegression" name="verifyChangeEmailAddressFunctionality" time="0.0">
    <ignored/>
  </testcase> <!-- verifyChangeEmailAddressFunctionality -->
</testsuite> <!-- Myar Regression Test -->
