<?xml version="1.0" encoding="UTF-8"?>
<testng-results ignored="16" total="17" passed="0" failed="1" skipped="0">
  <reporter-output>
    <line>
      <![CDATA[Test Suite Name: MyarRegression]]>
    </line>
    <line>
      <![CDATA[browser: firefox]]>
    </line>
    <line>
      <![CDATA[environment: myar_stagging]]>
    </line>
    <line>
      <![CDATA[firefox   127.0.2]]>
    </line>
    <line>
      <![CDATA[Cleared browser cookies]]>
    </line>
    <line>
      <![CDATA[Login URL: https://opensource-demo.orangehrmlive.com]]>
    </line>
    <line>
      <![CDATA[Clicking on : Language selector drop-down]]>
    </line>
    <line>
      <![CDATA[Waiting for web element to load on the page : Language selector drop-down]]>
    </line>
    <line>
      <![CDATA[TEST FAILED: verifyLoginFunctionalityWithValidCredentials]]>
    </line>
    <line>
      <![CDATA[Capturing Screenshot]]>
    </line>
    <line>
      <![CDATA[BUILD NUMBER in screenshot method: null]]>
    </line>
    <line>
      <![CDATA[SCREENSHOT LOCATION: D:\OneDrive\Desktop\ModularTransitionE2EAuto\ModularTransitionE2EAuto\test-output\TestResults\Report_09_Jul_2024_13_12_38\verifyLoginFunctionalityWithValidCredentials20240709011406.png]]>
    </line>
    <line>
      <![CDATA[Quitting browser]]>
    </line>
    <line>
      <![CDATA[Clearing threadlocal]]>
    </line>
  </reporter-output>
  <suite started-at="2024-07-09T13:12:29 IST" name="Myar_Regression_Suit" finished-at="2024-07-09T13:14:09 IST" duration-ms="100127">
    <groups>
    </groups>
    <test started-at="2024-07-09T13:12:29 IST" name="Myar Regression Test" finished-at="2024-07-09T13:14:09 IST" duration-ms="100127">
      <class name="myar.testcases.MyarRegression">
        <test-method is-config="true" signature="intialize()[pri:0, instance:myar.testcases.MyarRegression@6d23017e]" started-at="2024-07-09T13:12:29 IST" name="intialize" finished-at="2024-07-09T13:12:38 IST" duration-ms="9501" status="PASS">
          <reporter-output>
            <line>
              <![CDATA[Test Suite Name: MyarRegression]]>
            </line>
            <line>
              <![CDATA[browser: firefox]]>
            </line>
            <line>
              <![CDATA[environment: myar_stagging]]>
            </line>
            <line>
              <![CDATA[firefox   127.0.2]]>
            </line>
          </reporter-output>
        </test-method> <!-- intialize -->
        <test-method is-config="true" signature="setup()[pri:0, instance:myar.testcases.MyarRegression@6d23017e]" started-at="2024-07-09T13:12:38 IST" name="setup" finished-at="2024-07-09T13:12:39 IST" duration-ms="994" status="PASS">
          <reporter-output>
          </reporter-output>
        </test-method> <!-- setup -->
        <test-method signature="verifyLoginFunctionalityWithValidCredentials()[pri:0, instance:myar.testcases.MyarRegression@6d23017e]" started-at="2024-07-09T13:12:39 IST" name="verifyLoginFunctionalityWithValidCredentials" finished-at="2024-07-09T13:14:06 IST" duration-ms="87215" status="FAIL">
          <exception class="org.openqa.selenium.TimeoutException">
            <message>
              <![CDATA[Expected condition failed: waiting for visibility of Proxy element for: DefaultElementLocator 'By.xpath: (//input[@name='select'])[3]' (tried for 60 second(s) with 500 milliseconds interval)]]>
            </message>
            <full-stacktrace>
              <![CDATA[org.openqa.selenium.TimeoutException: Expected condition failed: waiting for visibility of Proxy element for: DefaultElementLocator 'By.xpath: (//input[@name='select'])[3]' (tried for 60 second(s) with 500 milliseconds interval)
at org.openqa.selenium.support.ui.WebDriverWait.timeoutException(WebDriverWait.java:87)
at org.openqa.selenium.support.ui.FluentWait.until(FluentWait.java:231)
at com.qa.util.TestUtil.waitForElementToLoad(TestUtil.java:302)
at com.qa.util.TestUtil.clickElement(TestUtil.java:411)
at myar.pages.MyarLoginPage.clickOnLanguageDropDown(MyarLoginPage.java:142)
at myar.pages.MyarLoginPage.login(MyarLoginPage.java:106)
at myar.testcases.MyarRegression.verifyLoginFunctionalityWithValidCredentials(MyarRegression.java:234)
at java.base/jdk.internal.reflect.NativeMethodAccessorImpl.invoke0(Native Method)
at java.base/jdk.internal.reflect.NativeMethodAccessorImpl.invoke(NativeMethodAccessorImpl.java:77)
at java.base/jdk.internal.reflect.DelegatingMethodAccessorImpl.invoke(DelegatingMethodAccessorImpl.java:43)
at java.base/java.lang.reflect.Method.invoke(Method.java:568)
at org.testng.internal.invokers.MethodInvocationHelper.invokeMethod(MethodInvocationHelper.java:135)
at org.testng.internal.invokers.TestInvoker.invokeMethod(TestInvoker.java:673)
at org.testng.internal.invokers.TestInvoker.invokeTestMethod(TestInvoker.java:220)
at org.testng.internal.invokers.MethodRunner.runInSequence(MethodRunner.java:50)
at org.testng.internal.invokers.TestInvoker$MethodInvocationAgent.invoke(TestInvoker.java:945)
at org.testng.internal.invokers.TestInvoker.invokeTestMethods(TestInvoker.java:193)
at org.testng.internal.invokers.TestMethodWorker.invokeTestMethods(TestMethodWorker.java:146)
at org.testng.internal.invokers.TestMethodWorker.run(TestMethodWorker.java:128)
at java.base/java.util.ArrayList.forEach(ArrayList.java:1511)
at org.testng.TestRunner.privateRun(TestRunner.java:808)
at org.testng.TestRunner.run(TestRunner.java:603)
at org.testng.SuiteRunner.runTest(SuiteRunner.java:429)
at org.testng.SuiteRunner.runSequentially(SuiteRunner.java:423)
at org.testng.SuiteRunner.privateRun(SuiteRunner.java:383)
at org.testng.SuiteRunner.run(SuiteRunner.java:326)
at org.testng.SuiteRunnerWorker.runSuite(SuiteRunnerWorker.java:52)
at org.testng.SuiteRunnerWorker.run(SuiteRunnerWorker.java:95)
at org.testng.TestNG.runSuitesSequentially(TestNG.java:1249)
at org.testng.TestNG.runSuitesLocally(TestNG.java:1169)
at org.testng.TestNG.runSuites(TestNG.java:1092)
at org.testng.TestNG.run(TestNG.java:1060)
at org.testng.remote.AbstractRemoteTestNG.run(AbstractRemoteTestNG.java:115)
at org.testng.remote.RemoteTestNG.initAndRun(RemoteTestNG.java:251)
at org.testng.remote.RemoteTestNG.main(RemoteTestNG.java:77)
Caused by: org.openqa.selenium.NoSuchElementException: Unable to locate element: (//input[@name='select'])[3]
For documentation on this error, please visit: https://selenium.dev/exceptions/#no_such_element
Build info: version: '4.7.2', revision: '4d4020c3b7'
System info: os.name: 'Windows 10', os.arch: 'amd64', os.version: '10.0', java.version: '17.0.7'
Driver info: org.openqa.selenium.firefox.FirefoxDriver
Command: [f5c5cd53-8c86-4eee-af42-85114304f393, findElement {using=xpath, value=(//input[@name='select'])[3]}]
Capabilities {acceptInsecureCerts: true, browserName: firefox, browserVersion: 127.0.2, moz:accessibilityChecks: false, moz:buildID: 20240624183754, moz:debuggerAddress: 127.0.0.1:20063, moz:geckodriverVersion: 0.31.0, moz:headless: false, moz:platformVersion: 10.0, moz:processID: 8500, moz:profile: C:\Users\PRASEN~1\AppData\L..., moz:shutdownTimeout: 60000, moz:webdriverClick: true, moz:windowless: false, pageLoadStrategy: normal, platformName: WINDOWS, proxy: Proxy(), se:cdp: ws://127.0.0.1:20063/devtoo..., se:cdpVersion: 85.0, setWindowRect: true, strictFileInteractability: false, timeouts: {implicit: 0, pageLoad: 300000, script: 30000}, unhandledPromptBehavior: dismiss and notify, userAgent: Mozilla/5.0 (Windows NT 10....}
Session ID: f5c5cd53-8c86-4eee-af42-85114304f393
at java.base/jdk.internal.reflect.NativeConstructorAccessorImpl.newInstance0(Native Method)
at java.base/jdk.internal.reflect.NativeConstructorAccessorImpl.newInstance(NativeConstructorAccessorImpl.java:77)
at java.base/jdk.internal.reflect.DelegatingConstructorAccessorImpl.newInstance(DelegatingConstructorAccessorImpl.java:45)
at java.base/java.lang.reflect.Constructor.newInstanceWithCaller(Constructor.java:499)
at java.base/java.lang.reflect.Constructor.newInstance(Constructor.java:480)
at org.openqa.selenium.remote.codec.w3c.W3CHttpResponseCodec.createException(W3CHttpResponseCodec.java:200)
at org.openqa.selenium.remote.codec.w3c.W3CHttpResponseCodec.decode(W3CHttpResponseCodec.java:133)
at org.openqa.selenium.remote.codec.w3c.W3CHttpResponseCodec.decode(W3CHttpResponseCodec.java:53)
at org.openqa.selenium.remote.HttpCommandExecutor.execute(HttpCommandExecutor.java:184)
at org.openqa.selenium.remote.service.DriverCommandExecutor.invokeExecute(DriverCommandExecutor.java:167)
at org.openqa.selenium.remote.service.DriverCommandExecutor.execute(DriverCommandExecutor.java:142)
at org.openqa.selenium.remote.RemoteWebDriver.execute(RemoteWebDriver.java:535)
at org.openqa.selenium.remote.ElementLocation$ElementFinder$2.findElement(ElementLocation.java:162)
at org.openqa.selenium.remote.ElementLocation.findElement(ElementLocation.java:60)
at org.openqa.selenium.remote.RemoteWebDriver.findElement(RemoteWebDriver.java:351)
at org.openqa.selenium.remote.RemoteWebDriver.findElement(RemoteWebDriver.java:343)
at java.base/jdk.internal.reflect.NativeMethodAccessorImpl.invoke0(Native Method)
at java.base/jdk.internal.reflect.NativeMethodAccessorImpl.invoke(NativeMethodAccessorImpl.java:77)
at java.base/jdk.internal.reflect.DelegatingMethodAccessorImpl.invoke(DelegatingMethodAccessorImpl.java:43)
at java.base/java.lang.reflect.Method.invoke(Method.java:568)
at org.openqa.selenium.support.events.EventFiringWebDriver.lambda$new$1(EventFiringWebDriver.java:106)
at jdk.proxy2/jdk.proxy2.$Proxy20.findElement(Unknown Source)
at org.openqa.selenium.support.events.EventFiringWebDriver.findElement(EventFiringWebDriver.java:195)
at org.openqa.selenium.support.pagefactory.DefaultElementLocator.findElement(DefaultElementLocator.java:70)
at org.openqa.selenium.support.pagefactory.internal.LocatingElementHandler.invoke(LocatingElementHandler.java:39)
at jdk.proxy2/jdk.proxy2.$Proxy24.isDisplayed(Unknown Source)
at org.openqa.selenium.support.ui.ExpectedConditions.elementIfVisible(ExpectedConditions.java:307)
at org.openqa.selenium.support.ui.ExpectedConditions.access$000(ExpectedConditions.java:40)
at org.openqa.selenium.support.ui.ExpectedConditions$10.apply(ExpectedConditions.java:293)
at org.openqa.selenium.support.ui.ExpectedConditions$10.apply(ExpectedConditions.java:290)
at org.openqa.selenium.support.ui.FluentWait.until(FluentWait.java:208)
... 33 more
]]>
            </full-stacktrace>
          </exception> <!-- org.openqa.selenium.TimeoutException -->
          <reporter-output>
            <line>
              <![CDATA[Cleared browser cookies]]>
            </line>
            <line>
              <![CDATA[Login URL: https://opensource-demo.orangehrmlive.com]]>
            </line>
            <line>
              <![CDATA[Clicking on : Language selector drop-down]]>
            </line>
            <line>
              <![CDATA[Waiting for web element to load on the page : Language selector drop-down]]>
            </line>
          </reporter-output>
        </test-method> <!-- verifyLoginFunctionalityWithValidCredentials -->
        <test-method is-config="true" signature="takeScreenshotInCaseOfFailure(org.testng.ITestResult)[pri:0, instance:myar.testcases.MyarRegression@6d23017e]" started-at="2024-07-09T13:14:06 IST" name="takeScreenshotInCaseOfFailure" finished-at="2024-07-09T13:14:07 IST" duration-ms="94" status="PASS">
          <params>
            <param index="0">
              <value>
                <![CDATA[[TestResult name=verifyLoginFunctionalityWithValidCredentials status=FAILURE method=MyarRegression.verifyLoginFunctionalityWithValidCredentials()[pri:0, instance:myar.testcases.MyarRegression@6d23017e] output=Cleared browser cookies]]]>
              </value>
            </param>
          </params>
          <reporter-output>
            <line>
              <![CDATA[TEST FAILED: verifyLoginFunctionalityWithValidCredentials]]>
            </line>
            <line>
              <![CDATA[Capturing Screenshot]]>
            </line>
            <line>
              <![CDATA[BUILD NUMBER in screenshot method: null]]>
            </line>
            <line>
              <![CDATA[SCREENSHOT LOCATION: D:\OneDrive\Desktop\ModularTransitionE2EAuto\ModularTransitionE2EAuto\test-output\TestResults\Report_09_Jul_2024_13_12_38\verifyLoginFunctionalityWithValidCredentials20240709011406.png]]>
            </line>
          </reporter-output>
        </test-method> <!-- takeScreenshotInCaseOfFailure -->
        <test-method is-config="true" signature="cleanup()[pri:0, instance:myar.testcases.MyarRegression@6d23017e]" started-at="2024-07-09T13:14:07 IST" name="cleanup" finished-at="2024-07-09T13:14:09 IST" duration-ms="2093" status="PASS">
          <reporter-output>
            <line>
              <![CDATA[Quitting browser]]>
            </line>
            <line>
              <![CDATA[Clearing threadlocal]]>
            </line>
          </reporter-output>
        </test-method> <!-- cleanup -->
      </class> <!-- myar.testcases.MyarRegression -->
    </test> <!-- Myar Regression Test -->
  </suite> <!-- Myar_Regression_Suit -->
</testng-results>
